<?xml version="1.0" encoding="UTF-8"?>
<!-- Generated by org.testng.reporters.JUnitReportReporter -->
<testsuite hostname="LAPTOP-HK8NORVB" failures="0" tests="3" name="com.TestNgPackage.TestNGClass" time="0.015" errors="0" timestamp="2023-03-23T20:11:08 IST" skipped="0">
  <testcase classname="com.TestNgPackage.TestNGClass" name="testlogin1" time="0.001"/>
  <system-out>
    <![CDATA[mounika]]>
  </system-out>
  <testcase classname="com.TestNgPackage.TestNGClass" name="testlogin" time="0.013"/>
  <system-out>
    <![CDATA[manish]]>
  </system-out>
  <testcase classname="com.TestNgPackage.TestNGClass" name="testlogin2" time="0.001"/>
  <system-out>
    <![CDATA[syam]]>
  </system-out>
</testsuite> <!-- com.TestNgPackage.TestNGClass -->
